<?xml version="1.0" encoding="UTF-8"?>
<!-- Generated by org.testng.reporters.JUnitReportReporter -->
<testsuite hostname="ASEN-L-Rahul" name="openbrs.thinkpie" tests="1" failures="0" timestamp="22 Mar 2018 14:33:46 GMT" time="17.645" errors="1">
  <testcase name="thinkpieFirefox" time="17.645" classname="openbrs.thinkpie">
    <error type="org.openqa.selenium.NoSuchElementException" message="Unable to locate element: {&quot;method&quot;:&quot;link text&quot;,&quot;selector&quot;:&quot;What is PEI?&quot;}
Command duration or timeout: 161 milliseconds">
      <![CDATA[org.openqa.selenium.NoSuchElementException: Unable to locate element: {"method":"link text","selector":"What is PEI?"}
Command duration or timeout: 161 milliseconds
	at sun.reflect.NativeConstructorAccessorImpl.newInstance0(Native Method)
	at sun.reflect.NativeConstructorAccessorImpl.newInstance(Unknown Source)
	at sun.reflect.DelegatingConstructorAccessorImpl.newInstance(Unknown Source)
	at java.lang.reflect.Constructor.newInstance(Unknown Source)
	at org.openqa.selenium.remote.ErrorHandler.createThrowable(ErrorHandler.java:216)
	at org.openqa.selenium.remote.ErrorHandler.throwIfResponseFailed(ErrorHandler.java:168)
	at org.openqa.selenium.remote.RemoteWebDriver.execute(RemoteWebDriver.java:635)
	at org.openqa.selenium.remote.RemoteWebDriver.findElement(RemoteWebDriver.java:368)
	at org.openqa.selenium.remote.RemoteWebDriver.findElementByLinkText(RemoteWebDriver.java:425)
	at org.openqa.selenium.By$ByLinkText.findElement(By.java:246)
	at org.openqa.selenium.remote.RemoteWebDriver.findElement(RemoteWebDriver.java:360)
	at openbrs.thinkpie.thinkpieFirefox(thinkpie.java:25)
	at sun.reflect.NativeMethodAccessorImpl.invoke0(Native Method)
	at sun.reflect.NativeMethodAccessorImpl.invoke(Unknown Source)
	at sun.reflect.DelegatingMethodAccessorImpl.invoke(Unknown Source)
	at java.lang.reflect.Method.invoke(Unknown Source)
	at org.testng.internal.MethodInvocationHelper.invokeMethod(MethodInvocationHelper.java:85)
	at org.testng.internal.Invoker.invokeMethod(Invoker.java:639)
	at org.testng.internal.Invoker.invokeTestMethod(Invoker.java:816)
	at org.testng.internal.Invoker.invokeTestMethods(Invoker.java:1124)
	at org.testng.internal.TestMethodWorker.invokeTestMethods(TestMethodWorker.java:125)
	at org.testng.internal.TestMethodWorker.run(TestMethodWorker.java:108)
	at org.testng.TestRunner.privateRun(TestRunner.java:774)
	at org.testng.TestRunner.run(TestRunner.java:624)
	at org.testng.SuiteRunner.runTest(SuiteRunner.java:359)
	at org.testng.SuiteRunner.runSequentially(SuiteRunner.java:354)
	at org.testng.SuiteRunner.privateRun(SuiteRunner.java:312)
	at org.testng.SuiteRunner.run(SuiteRunner.java:261)
	at org.testng.SuiteRunnerWorker.runSuite(SuiteRunnerWorker.java:52)
	at org.testng.SuiteRunnerWorker.run(SuiteRunnerWorker.java:86)
	at org.testng.TestNG.runSuitesSequentially(TestNG.java:1215)
	at org.testng.TestNG.runSuitesLocally(TestNG.java:1140)
	at org.testng.TestNG.run(TestNG.java:1048)
	at org.testng.remote.AbstractRemoteTestNG.run(AbstractRemoteTestNG.java:114)
	at org.testng.remote.RemoteTestNG.initAndRun(RemoteTestNG.java:251)
	at org.testng.remote.RemoteTestNG.main(RemoteTestNG.java:77)
Caused by: org.openqa.selenium.NoSuchElementException: Unable to locate element: {"method":"link text","selector":"What is PEI?"}
For documentation on this error, please visit: http://seleniumhq.org/exceptions/no_such_element.html
Build info: version: 'unknown', revision: '86a5d70', time: '2017-02-16 07:47:51 -0800'
System info: host: 'ASEN-L-RAHUL', ip: '172.29.241.82', os.name: 'Windows 10', os.arch: 'amd64', os.version: '10.0', java.version: '1.8.0_144'
Driver info: driver.version: unknown
	at <anonymous class>.FirefoxDriver.prototype.findElementInternal_(file:///C:/Users/RAHUL~1.PAW/AppData/Local/Temp/anonymous2751802052435721597webdriver-profile/extensions/fxdriver@googlecode.com/components/driver-component.js:11223)
	at <anonymous class>.FirefoxDriver.prototype.findElement(file:///C:/Users/RAHUL~1.PAW/AppData/Local/Temp/anonymous2751802052435721597webdriver-profile/extensions/fxdriver@googlecode.com/components/driver-component.js:11232)
	at <anonymous class>.DelayedCommand.prototype.executeInternal_/h(file:///C:/Users/RAHUL~1.PAW/AppData/Local/Temp/anonymous2751802052435721597webdriver-profile/extensions/fxdriver@googlecode.com/components/command-processor.js:12744)
	at <anonymous class>.DelayedCommand.prototype.executeInternal_(file:///C:/Users/RAHUL~1.PAW/AppData/Local/Temp/anonymous2751802052435721597webdriver-profile/extensions/fxdriver@googlecode.com/components/command-processor.js:12749)
	at <anonymous class>.DelayedCommand.prototype.execute/<(file:///C:/Users/RAHUL~1.PAW/AppData/Local/Temp/anonymous2751802052435721597webdriver-profile/extensions/fxdriver@googlecode.com/components/command-processor.js:12691)
]]>
    </error>
  </testcase> <!-- thinkpieFirefox -->
</testsuite> <!-- openbrs.thinkpie -->
