<?xml version="1.0" encoding="UTF-8"?>
<testng-results skipped="3" failed="0" ignored="0" total="3" passed="0">
  <reporter-output>
  </reporter-output>
  <suite name="Default suite" duration-ms="3196" started-at="2019-08-05T05:40:02Z" finished-at="2019-08-05T05:40:06Z">
    <groups>
    </groups>
    <test name="Default test" duration-ms="3196" started-at="2019-08-05T05:40:02Z" finished-at="2019-08-05T05:40:06Z">
      <class name="com.wordpress.testcases.LoginTestCase">
        <test-method status="FAIL" signature="TestSetup()[pri:0, instance:com.wordpress.testcases.LoginTestCase@42d80b78]" name="TestSetup" is-config="true" duration-ms="3118" started-at="2019-08-05T11:10:03Z" finished-at="2019-08-05T11:10:06Z">
          <exception class="org.openqa.selenium.SessionNotCreatedException">
            <message>
              <![CDATA[session not created: This version of ChromeDriver only supports Chrome version 76
Build info: version: '3.141.59', revision: 'e82be7d358', time: '2018-11-14T08:17:03'
System info: host: 'ASEN-L-RAHUL', ip: '192.168.225.48', os.name: 'Windows 10', os.arch: 'amd64', os.version: '10.0', java.version: '1.8.0_144'
Driver info: driver.version: ChromeDriver
remote stacktrace: Backtrace:
	Ordinal0 [0x00B97C93+1473683]
	Ordinal0 [0x00B1ADB1+961969]
	Ordinal0 [0x00AA42E3+475875]
	Ordinal0 [0x00A3F365+62309]
	Ordinal0 [0x00A3BC77+48247]
	Ordinal0 [0x00A59149+168265]
	Ordinal0 [0x00A58D1D+167197]
	Ordinal0 [0x00A5742B+160811]
	Ordinal0 [0x00A40AE6+68326]
	Ordinal0 [0x00A41BF0+72688]
	Ordinal0 [0x00A41B89+72585]
	Ordinal0 [0x00B34B77+1067895]
	GetHandleVerifier [0x00C36875+506677]
	GetHandleVerifier [0x00C36610+506064]
	GetHandleVerifier [0x00C3D1B8+533624]
	GetHandleVerifier [0x00C3704A+508682]
	Ordinal0 [0x00B2C266+1032806]
	Ordinal0 [0x00B2C0DF+1032415]
	Ordinal0 [0x00B36A8B+1075851]
	Ordinal0 [0x00B36BF3+1076211]
	Ordinal0 [0x00B35BA5+1072037]
	BaseThreadInitThunk [0x73F68494+36]
	RtlAreBitsSet [0x773F41C8+136]
	RtlAreBitsSet [0x773F4198+88]
]]>
            </message>
            <full-stacktrace>
              <![CDATA[org.openqa.selenium.SessionNotCreatedException: session not created: This version of ChromeDriver only supports Chrome version 76
Build info: version: '3.141.59', revision: 'e82be7d358', time: '2018-11-14T08:17:03'
System info: host: 'ASEN-L-RAHUL', ip: '192.168.225.48', os.name: 'Windows 10', os.arch: 'amd64', os.version: '10.0', java.version: '1.8.0_144'
Driver info: driver.version: ChromeDriver
remote stacktrace: Backtrace:
	Ordinal0 [0x00B97C93+1473683]
	Ordinal0 [0x00B1ADB1+961969]
	Ordinal0 [0x00AA42E3+475875]
	Ordinal0 [0x00A3F365+62309]
	Ordinal0 [0x00A3BC77+48247]
	Ordinal0 [0x00A59149+168265]
	Ordinal0 [0x00A58D1D+167197]
	Ordinal0 [0x00A5742B+160811]
	Ordinal0 [0x00A40AE6+68326]
	Ordinal0 [0x00A41BF0+72688]
	Ordinal0 [0x00A41B89+72585]
	Ordinal0 [0x00B34B77+1067895]
	GetHandleVerifier [0x00C36875+506677]
	GetHandleVerifier [0x00C36610+506064]
	GetHandleVerifier [0x00C3D1B8+533624]
	GetHandleVerifier [0x00C3704A+508682]
	Ordinal0 [0x00B2C266+1032806]
	Ordinal0 [0x00B2C0DF+1032415]
	Ordinal0 [0x00B36A8B+1075851]
	Ordinal0 [0x00B36BF3+1076211]
	Ordinal0 [0x00B35BA5+1072037]
	BaseThreadInitThunk [0x73F68494+36]
	RtlAreBitsSet [0x773F41C8+136]
	RtlAreBitsSet [0x773F4198+88]

	at sun.reflect.NativeConstructorAccessorImpl.newInstance0(Native Method)
	at sun.reflect.NativeConstructorAccessorImpl.newInstance(Unknown Source)
	at sun.reflect.DelegatingConstructorAccessorImpl.newInstance(Unknown Source)
	at java.lang.reflect.Constructor.newInstance(Unknown Source)
	at org.openqa.selenium.remote.W3CHandshakeResponse.lambda$errorHandler$0(W3CHandshakeResponse.java:62)
	at org.openqa.selenium.remote.HandshakeResponse.lambda$getResponseFunction$0(HandshakeResponse.java:30)
	at org.openqa.selenium.remote.ProtocolHandshake.lambda$createSession$0(ProtocolHandshake.java:126)
	at java.util.stream.ReferencePipeline$3$1.accept(Unknown Source)
	at java.util.Spliterators$ArraySpliterator.tryAdvance(Unknown Source)
	at java.util.stream.ReferencePipeline.forEachWithCancel(Unknown Source)
	at java.util.stream.AbstractPipeline.copyIntoWithCancel(Unknown Source)
	at java.util.stream.AbstractPipeline.copyInto(Unknown Source)
	at java.util.stream.AbstractPipeline.wrapAndCopyInto(Unknown Source)
	at java.util.stream.FindOps$FindOp.evaluateSequential(Unknown Source)
	at java.util.stream.AbstractPipeline.evaluate(Unknown Source)
	at java.util.stream.ReferencePipeline.findFirst(Unknown Source)
	at org.openqa.selenium.remote.ProtocolHandshake.createSession(ProtocolHandshake.java:128)
	at org.openqa.selenium.remote.ProtocolHandshake.createSession(ProtocolHandshake.java:74)
	at org.openqa.selenium.remote.HttpCommandExecutor.execute(HttpCommandExecutor.java:136)
	at org.openqa.selenium.remote.service.DriverCommandExecutor.execute(DriverCommandExecutor.java:83)
	at org.openqa.selenium.remote.RemoteWebDriver.execute(RemoteWebDriver.java:552)
	at org.openqa.selenium.remote.RemoteWebDriver.startSession(RemoteWebDriver.java:213)
	at org.openqa.selenium.remote.RemoteWebDriver.<init>(RemoteWebDriver.java:131)
	at org.openqa.selenium.chrome.ChromeDriver.<init>(ChromeDriver.java:181)
	at org.openqa.selenium.chrome.ChromeDriver.<init>(ChromeDriver.java:168)
	at org.openqa.selenium.chrome.ChromeDriver.<init>(ChromeDriver.java:123)
	at com.wordpress.base.TestBase.initilization(TestBase.java:45)
	at com.wordpress.testcases.LoginTestCase.TestSetup(LoginTestCase.java:29)
	at sun.reflect.NativeMethodAccessorImpl.invoke0(Native Method)
	at sun.reflect.NativeMethodAccessorImpl.invoke(Unknown Source)
	at sun.reflect.DelegatingMethodAccessorImpl.invoke(Unknown Source)
	at java.lang.reflect.Method.invoke(Unknown Source)
	at org.testng.internal.MethodInvocationHelper.invokeMethod(MethodInvocationHelper.java:108)
	at org.testng.internal.Invoker.invokeConfigurationMethod(Invoker.java:523)
	at org.testng.internal.Invoker.invokeConfigurations(Invoker.java:224)
	at org.testng.internal.Invoker.invokeMethod(Invoker.java:599)
	at org.testng.internal.Invoker.invokeTestMethod(Invoker.java:869)
	at org.testng.internal.Invoker.invokeTestMethods(Invoker.java:1193)
	at org.testng.internal.TestMethodWorker.invokeTestMethods(TestMethodWorker.java:126)
	at org.testng.internal.TestMethodWorker.run(TestMethodWorker.java:109)
	at org.testng.TestRunner.privateRun(TestRunner.java:744)
	at org.testng.TestRunner.run(TestRunner.java:602)
	at org.testng.SuiteRunner.runTest(SuiteRunner.java:380)
	at org.testng.SuiteRunner.runSequentially(SuiteRunner.java:375)
	at org.testng.SuiteRunner.privateRun(SuiteRunner.java:340)
	at org.testng.SuiteRunner.run(SuiteRunner.java:289)
	at org.testng.SuiteRunnerWorker.runSuite(SuiteRunnerWorker.java:52)
	at org.testng.SuiteRunnerWorker.run(SuiteRunnerWorker.java:86)
	at org.testng.TestNG.runSuitesSequentially(TestNG.java:1301)
	at org.testng.TestNG.runSuitesLocally(TestNG.java:1226)
	at org.testng.TestNG.runSuites(TestNG.java:1144)
	at org.testng.TestNG.run(TestNG.java:1115)
	at org.testng.remote.AbstractRemoteTestNG.run(AbstractRemoteTestNG.java:114)
	at org.testng.remote.RemoteTestNG.initAndRun(RemoteTestNG.java:251)
	at org.testng.remote.RemoteTestNG.main(RemoteTestNG.java:77)
]]>
            </full-stacktrace>
          </exception> <!-- org.openqa.selenium.SessionNotCreatedException -->
          <reporter-output>
          </reporter-output>
        </test-method> <!-- TestSetup -->
        <test-method status="SKIP" signature="LoginPageTitle()[pri:1, instance:com.wordpress.testcases.LoginTestCase@42d80b78]" name="LoginPageTitle" duration-ms="2" started-at="2019-08-05T11:10:06Z" finished-at="2019-08-05T11:10:06Z">
          <exception class="org.openqa.selenium.SessionNotCreatedException">
            <message>
              <![CDATA[session not created: This version of ChromeDriver only supports Chrome version 76
Build info: version: '3.141.59', revision: 'e82be7d358', time: '2018-11-14T08:17:03'
System info: host: 'ASEN-L-RAHUL', ip: '192.168.225.48', os.name: 'Windows 10', os.arch: 'amd64', os.version: '10.0', java.version: '1.8.0_144'
Driver info: driver.version: ChromeDriver
remote stacktrace: Backtrace:
	Ordinal0 [0x00B97C93+1473683]
	Ordinal0 [0x00B1ADB1+961969]
	Ordinal0 [0x00AA42E3+475875]
	Ordinal0 [0x00A3F365+62309]
	Ordinal0 [0x00A3BC77+48247]
	Ordinal0 [0x00A59149+168265]
	Ordinal0 [0x00A58D1D+167197]
	Ordinal0 [0x00A5742B+160811]
	Ordinal0 [0x00A40AE6+68326]
	Ordinal0 [0x00A41BF0+72688]
	Ordinal0 [0x00A41B89+72585]
	Ordinal0 [0x00B34B77+1067895]
	GetHandleVerifier [0x00C36875+506677]
	GetHandleVerifier [0x00C36610+506064]
	GetHandleVerifier [0x00C3D1B8+533624]
	GetHandleVerifier [0x00C3704A+508682]
	Ordinal0 [0x00B2C266+1032806]
	Ordinal0 [0x00B2C0DF+1032415]
	Ordinal0 [0x00B36A8B+1075851]
	Ordinal0 [0x00B36BF3+1076211]
	Ordinal0 [0x00B35BA5+1072037]
	BaseThreadInitThunk [0x73F68494+36]
	RtlAreBitsSet [0x773F41C8+136]
	RtlAreBitsSet [0x773F4198+88]
]]>
            </message>
            <full-stacktrace>
              <![CDATA[org.openqa.selenium.SessionNotCreatedException: session not created: This version of ChromeDriver only supports Chrome version 76
Build info: version: '3.141.59', revision: 'e82be7d358', time: '2018-11-14T08:17:03'
System info: host: 'ASEN-L-RAHUL', ip: '192.168.225.48', os.name: 'Windows 10', os.arch: 'amd64', os.version: '10.0', java.version: '1.8.0_144'
Driver info: driver.version: ChromeDriver
remote stacktrace: Backtrace:
	Ordinal0 [0x00B97C93+1473683]
	Ordinal0 [0x00B1ADB1+961969]
	Ordinal0 [0x00AA42E3+475875]
	Ordinal0 [0x00A3F365+62309]
	Ordinal0 [0x00A3BC77+48247]
	Ordinal0 [0x00A59149+168265]
	Ordinal0 [0x00A58D1D+167197]
	Ordinal0 [0x00A5742B+160811]
	Ordinal0 [0x00A40AE6+68326]
	Ordinal0 [0x00A41BF0+72688]
	Ordinal0 [0x00A41B89+72585]
	Ordinal0 [0x00B34B77+1067895]
	GetHandleVerifier [0x00C36875+506677]
	GetHandleVerifier [0x00C36610+506064]
	GetHandleVerifier [0x00C3D1B8+533624]
	GetHandleVerifier [0x00C3704A+508682]
	Ordinal0 [0x00B2C266+1032806]
	Ordinal0 [0x00B2C0DF+1032415]
	Ordinal0 [0x00B36A8B+1075851]
	Ordinal0 [0x00B36BF3+1076211]
	Ordinal0 [0x00B35BA5+1072037]
	BaseThreadInitThunk [0x73F68494+36]
	RtlAreBitsSet [0x773F41C8+136]
	RtlAreBitsSet [0x773F4198+88]

	at sun.reflect.NativeConstructorAccessorImpl.newInstance0(Native Method)
	at sun.reflect.NativeConstructorAccessorImpl.newInstance(Unknown Source)
	at sun.reflect.DelegatingConstructorAccessorImpl.newInstance(Unknown Source)
	at java.lang.reflect.Constructor.newInstance(Unknown Source)
	at org.openqa.selenium.remote.W3CHandshakeResponse.lambda$errorHandler$0(W3CHandshakeResponse.java:62)
	at org.openqa.selenium.remote.HandshakeResponse.lambda$getResponseFunction$0(HandshakeResponse.java:30)
	at org.openqa.selenium.remote.ProtocolHandshake.lambda$createSession$0(ProtocolHandshake.java:126)
	at java.util.stream.ReferencePipeline$3$1.accept(Unknown Source)
	at java.util.Spliterators$ArraySpliterator.tryAdvance(Unknown Source)
	at java.util.stream.ReferencePipeline.forEachWithCancel(Unknown Source)
	at java.util.stream.AbstractPipeline.copyIntoWithCancel(Unknown Source)
	at java.util.stream.AbstractPipeline.copyInto(Unknown Source)
	at java.util.stream.AbstractPipeline.wrapAndCopyInto(Unknown Source)
	at java.util.stream.FindOps$FindOp.evaluateSequential(Unknown Source)
	at java.util.stream.AbstractPipeline.evaluate(Unknown Source)
	at java.util.stream.ReferencePipeline.findFirst(Unknown Source)
	at org.openqa.selenium.remote.ProtocolHandshake.createSession(ProtocolHandshake.java:128)
	at org.openqa.selenium.remote.ProtocolHandshake.createSession(ProtocolHandshake.java:74)
	at org.openqa.selenium.remote.HttpCommandExecutor.execute(HttpCommandExecutor.java:136)
	at org.openqa.selenium.remote.service.DriverCommandExecutor.execute(DriverCommandExecutor.java:83)
	at org.openqa.selenium.remote.RemoteWebDriver.execute(RemoteWebDriver.java:552)
	at org.openqa.selenium.remote.RemoteWebDriver.startSession(RemoteWebDriver.java:213)
	at org.openqa.selenium.remote.RemoteWebDriver.<init>(RemoteWebDriver.java:131)
	at org.openqa.selenium.chrome.ChromeDriver.<init>(ChromeDriver.java:181)
	at org.openqa.selenium.chrome.ChromeDriver.<init>(ChromeDriver.java:168)
	at org.openqa.selenium.chrome.ChromeDriver.<init>(ChromeDriver.java:123)
	at com.wordpress.base.TestBase.initilization(TestBase.java:45)
	at com.wordpress.testcases.LoginTestCase.TestSetup(LoginTestCase.java:29)
	at sun.reflect.NativeMethodAccessorImpl.invoke0(Native Method)
	at sun.reflect.NativeMethodAccessorImpl.invoke(Unknown Source)
	at sun.reflect.DelegatingMethodAccessorImpl.invoke(Unknown Source)
	at java.lang.reflect.Method.invoke(Unknown Source)
	at org.testng.internal.MethodInvocationHelper.invokeMethod(MethodInvocationHelper.java:108)
	at org.testng.internal.Invoker.invokeConfigurationMethod(Invoker.java:523)
	at org.testng.internal.Invoker.invokeConfigurations(Invoker.java:224)
	at org.testng.internal.Invoker.invokeMethod(Invoker.java:599)
	at org.testng.internal.Invoker.invokeTestMethod(Invoker.java:869)
	at org.testng.internal.Invoker.invokeTestMethods(Invoker.java:1193)
	at org.testng.internal.TestMethodWorker.invokeTestMethods(TestMethodWorker.java:126)
	at org.testng.internal.TestMethodWorker.run(TestMethodWorker.java:109)
	at org.testng.TestRunner.privateRun(TestRunner.java:744)
	at org.testng.TestRunner.run(TestRunner.java:602)
	at org.testng.SuiteRunner.runTest(SuiteRunner.java:380)
	at org.testng.SuiteRunner.runSequentially(SuiteRunner.java:375)
	at org.testng.SuiteRunner.privateRun(SuiteRunner.java:340)
	at org.testng.SuiteRunner.run(SuiteRunner.java:289)
	at org.testng.SuiteRunnerWorker.runSuite(SuiteRunnerWorker.java:52)
	at org.testng.SuiteRunnerWorker.run(SuiteRunnerWorker.java:86)
	at org.testng.TestNG.runSuitesSequentially(TestNG.java:1301)
	at org.testng.TestNG.runSuitesLocally(TestNG.java:1226)
	at org.testng.TestNG.runSuites(TestNG.java:1144)
	at org.testng.TestNG.run(TestNG.java:1115)
	at org.testng.remote.AbstractRemoteTestNG.run(AbstractRemoteTestNG.java:114)
	at org.testng.remote.RemoteTestNG.initAndRun(RemoteTestNG.java:251)
	at org.testng.remote.RemoteTestNG.main(RemoteTestNG.java:77)
]]>
            </full-stacktrace>
          </exception> <!-- org.openqa.selenium.SessionNotCreatedException -->
          <reporter-output>
          </reporter-output>
        </test-method> <!-- LoginPageTitle -->
        <test-method status="SKIP" signature="TestSetup()[pri:0, instance:com.wordpress.testcases.LoginTestCase@42d80b78]" name="TestSetup" is-config="true" duration-ms="0" started-at="2019-08-05T11:10:06Z" finished-at="2019-08-05T11:10:06Z">
          <reporter-output>
          </reporter-output>
        </test-method> <!-- TestSetup -->
        <test-method status="SKIP" signature="verifyLogo()[pri:2, instance:com.wordpress.testcases.LoginTestCase@42d80b78]" name="verifyLogo" duration-ms="0" started-at="2019-08-05T11:10:06Z" finished-at="2019-08-05T11:10:06Z">
          <exception class="org.openqa.selenium.SessionNotCreatedException">
            <message>
              <![CDATA[session not created: This version of ChromeDriver only supports Chrome version 76
Build info: version: '3.141.59', revision: 'e82be7d358', time: '2018-11-14T08:17:03'
System info: host: 'ASEN-L-RAHUL', ip: '192.168.225.48', os.name: 'Windows 10', os.arch: 'amd64', os.version: '10.0', java.version: '1.8.0_144'
Driver info: driver.version: ChromeDriver
remote stacktrace: Backtrace:
	Ordinal0 [0x00B97C93+1473683]
	Ordinal0 [0x00B1ADB1+961969]
	Ordinal0 [0x00AA42E3+475875]
	Ordinal0 [0x00A3F365+62309]
	Ordinal0 [0x00A3BC77+48247]
	Ordinal0 [0x00A59149+168265]
	Ordinal0 [0x00A58D1D+167197]
	Ordinal0 [0x00A5742B+160811]
	Ordinal0 [0x00A40AE6+68326]
	Ordinal0 [0x00A41BF0+72688]
	Ordinal0 [0x00A41B89+72585]
	Ordinal0 [0x00B34B77+1067895]
	GetHandleVerifier [0x00C36875+506677]
	GetHandleVerifier [0x00C36610+506064]
	GetHandleVerifier [0x00C3D1B8+533624]
	GetHandleVerifier [0x00C3704A+508682]
	Ordinal0 [0x00B2C266+1032806]
	Ordinal0 [0x00B2C0DF+1032415]
	Ordinal0 [0x00B36A8B+1075851]
	Ordinal0 [0x00B36BF3+1076211]
	Ordinal0 [0x00B35BA5+1072037]
	BaseThreadInitThunk [0x73F68494+36]
	RtlAreBitsSet [0x773F41C8+136]
	RtlAreBitsSet [0x773F4198+88]
]]>
            </message>
            <full-stacktrace>
              <![CDATA[org.openqa.selenium.SessionNotCreatedException: session not created: This version of ChromeDriver only supports Chrome version 76
Build info: version: '3.141.59', revision: 'e82be7d358', time: '2018-11-14T08:17:03'
System info: host: 'ASEN-L-RAHUL', ip: '192.168.225.48', os.name: 'Windows 10', os.arch: 'amd64', os.version: '10.0', java.version: '1.8.0_144'
Driver info: driver.version: ChromeDriver
remote stacktrace: Backtrace:
	Ordinal0 [0x00B97C93+1473683]
	Ordinal0 [0x00B1ADB1+961969]
	Ordinal0 [0x00AA42E3+475875]
	Ordinal0 [0x00A3F365+62309]
	Ordinal0 [0x00A3BC77+48247]
	Ordinal0 [0x00A59149+168265]
	Ordinal0 [0x00A58D1D+167197]
	Ordinal0 [0x00A5742B+160811]
	Ordinal0 [0x00A40AE6+68326]
	Ordinal0 [0x00A41BF0+72688]
	Ordinal0 [0x00A41B89+72585]
	Ordinal0 [0x00B34B77+1067895]
	GetHandleVerifier [0x00C36875+506677]
	GetHandleVerifier [0x00C36610+506064]
	GetHandleVerifier [0x00C3D1B8+533624]
	GetHandleVerifier [0x00C3704A+508682]
	Ordinal0 [0x00B2C266+1032806]
	Ordinal0 [0x00B2C0DF+1032415]
	Ordinal0 [0x00B36A8B+1075851]
	Ordinal0 [0x00B36BF3+1076211]
	Ordinal0 [0x00B35BA5+1072037]
	BaseThreadInitThunk [0x73F68494+36]
	RtlAreBitsSet [0x773F41C8+136]
	RtlAreBitsSet [0x773F4198+88]

	at sun.reflect.NativeConstructorAccessorImpl.newInstance0(Native Method)
	at sun.reflect.NativeConstructorAccessorImpl.newInstance(Unknown Source)
	at sun.reflect.DelegatingConstructorAccessorImpl.newInstance(Unknown Source)
	at java.lang.reflect.Constructor.newInstance(Unknown Source)
	at org.openqa.selenium.remote.W3CHandshakeResponse.lambda$errorHandler$0(W3CHandshakeResponse.java:62)
	at org.openqa.selenium.remote.HandshakeResponse.lambda$getResponseFunction$0(HandshakeResponse.java:30)
	at org.openqa.selenium.remote.ProtocolHandshake.lambda$createSession$0(ProtocolHandshake.java:126)
	at java.util.stream.ReferencePipeline$3$1.accept(Unknown Source)
	at java.util.Spliterators$ArraySpliterator.tryAdvance(Unknown Source)
	at java.util.stream.ReferencePipeline.forEachWithCancel(Unknown Source)
	at java.util.stream.AbstractPipeline.copyIntoWithCancel(Unknown Source)
	at java.util.stream.AbstractPipeline.copyInto(Unknown Source)
	at java.util.stream.AbstractPipeline.wrapAndCopyInto(Unknown Source)
	at java.util.stream.FindOps$FindOp.evaluateSequential(Unknown Source)
	at java.util.stream.AbstractPipeline.evaluate(Unknown Source)
	at java.util.stream.ReferencePipeline.findFirst(Unknown Source)
	at org.openqa.selenium.remote.ProtocolHandshake.createSession(ProtocolHandshake.java:128)
	at org.openqa.selenium.remote.ProtocolHandshake.createSession(ProtocolHandshake.java:74)
	at org.openqa.selenium.remote.HttpCommandExecutor.execute(HttpCommandExecutor.java:136)
	at org.openqa.selenium.remote.service.DriverCommandExecutor.execute(DriverCommandExecutor.java:83)
	at org.openqa.selenium.remote.RemoteWebDriver.execute(RemoteWebDriver.java:552)
	at org.openqa.selenium.remote.RemoteWebDriver.startSession(RemoteWebDriver.java:213)
	at org.openqa.selenium.remote.RemoteWebDriver.<init>(RemoteWebDriver.java:131)
	at org.openqa.selenium.chrome.ChromeDriver.<init>(ChromeDriver.java:181)
	at org.openqa.selenium.chrome.ChromeDriver.<init>(ChromeDriver.java:168)
	at org.openqa.selenium.chrome.ChromeDriver.<init>(ChromeDriver.java:123)
	at com.wordpress.base.TestBase.initilization(TestBase.java:45)
	at com.wordpress.testcases.LoginTestCase.TestSetup(LoginTestCase.java:29)
	at sun.reflect.NativeMethodAccessorImpl.invoke0(Native Method)
	at sun.reflect.NativeMethodAccessorImpl.invoke(Unknown Source)
	at sun.reflect.DelegatingMethodAccessorImpl.invoke(Unknown Source)
	at java.lang.reflect.Method.invoke(Unknown Source)
	at org.testng.internal.MethodInvocationHelper.invokeMethod(MethodInvocationHelper.java:108)
	at org.testng.internal.Invoker.invokeConfigurationMethod(Invoker.java:523)
	at org.testng.internal.Invoker.invokeConfigurations(Invoker.java:224)
	at org.testng.internal.Invoker.invokeMethod(Invoker.java:599)
	at org.testng.internal.Invoker.invokeTestMethod(Invoker.java:869)
	at org.testng.internal.Invoker.invokeTestMethods(Invoker.java:1193)
	at org.testng.internal.TestMethodWorker.invokeTestMethods(TestMethodWorker.java:126)
	at org.testng.internal.TestMethodWorker.run(TestMethodWorker.java:109)
	at org.testng.TestRunner.privateRun(TestRunner.java:744)
	at org.testng.TestRunner.run(TestRunner.java:602)
	at org.testng.SuiteRunner.runTest(SuiteRunner.java:380)
	at org.testng.SuiteRunner.runSequentially(SuiteRunner.java:375)
	at org.testng.SuiteRunner.privateRun(SuiteRunner.java:340)
	at org.testng.SuiteRunner.run(SuiteRunner.java:289)
	at org.testng.SuiteRunnerWorker.runSuite(SuiteRunnerWorker.java:52)
	at org.testng.SuiteRunnerWorker.run(SuiteRunnerWorker.java:86)
	at org.testng.TestNG.runSuitesSequentially(TestNG.java:1301)
	at org.testng.TestNG.runSuitesLocally(TestNG.java:1226)
	at org.testng.TestNG.runSuites(TestNG.java:1144)
	at org.testng.TestNG.run(TestNG.java:1115)
	at org.testng.remote.AbstractRemoteTestNG.run(AbstractRemoteTestNG.java:114)
	at org.testng.remote.RemoteTestNG.initAndRun(RemoteTestNG.java:251)
	at org.testng.remote.RemoteTestNG.main(RemoteTestNG.java:77)
]]>
            </full-stacktrace>
          </exception> <!-- org.openqa.selenium.SessionNotCreatedException -->
          <reporter-output>
          </reporter-output>
        </test-method> <!-- verifyLogo -->
        <test-method status="SKIP" signature="TestSetup()[pri:0, instance:com.wordpress.testcases.LoginTestCase@42d80b78]" name="TestSetup" is-config="true" duration-ms="0" started-at="2019-08-05T11:10:06Z" finished-at="2019-08-05T11:10:06Z">
          <reporter-output>
          </reporter-output>
        </test-method> <!-- TestSetup -->
        <test-method status="SKIP" signature="adminlogin()[pri:3, instance:com.wordpress.testcases.LoginTestCase@42d80b78]" name="adminlogin" duration-ms="0" started-at="2019-08-05T11:10:06Z" finished-at="2019-08-05T11:10:06Z">
          <exception class="org.openqa.selenium.SessionNotCreatedException">
            <message>
              <![CDATA[session not created: This version of ChromeDriver only supports Chrome version 76
Build info: version: '3.141.59', revision: 'e82be7d358', time: '2018-11-14T08:17:03'
System info: host: 'ASEN-L-RAHUL', ip: '192.168.225.48', os.name: 'Windows 10', os.arch: 'amd64', os.version: '10.0', java.version: '1.8.0_144'
Driver info: driver.version: ChromeDriver
remote stacktrace: Backtrace:
	Ordinal0 [0x00B97C93+1473683]
	Ordinal0 [0x00B1ADB1+961969]
	Ordinal0 [0x00AA42E3+475875]
	Ordinal0 [0x00A3F365+62309]
	Ordinal0 [0x00A3BC77+48247]
	Ordinal0 [0x00A59149+168265]
	Ordinal0 [0x00A58D1D+167197]
	Ordinal0 [0x00A5742B+160811]
	Ordinal0 [0x00A40AE6+68326]
	Ordinal0 [0x00A41BF0+72688]
	Ordinal0 [0x00A41B89+72585]
	Ordinal0 [0x00B34B77+1067895]
	GetHandleVerifier [0x00C36875+506677]
	GetHandleVerifier [0x00C36610+506064]
	GetHandleVerifier [0x00C3D1B8+533624]
	GetHandleVerifier [0x00C3704A+508682]
	Ordinal0 [0x00B2C266+1032806]
	Ordinal0 [0x00B2C0DF+1032415]
	Ordinal0 [0x00B36A8B+1075851]
	Ordinal0 [0x00B36BF3+1076211]
	Ordinal0 [0x00B35BA5+1072037]
	BaseThreadInitThunk [0x73F68494+36]
	RtlAreBitsSet [0x773F41C8+136]
	RtlAreBitsSet [0x773F4198+88]
]]>
            </message>
            <full-stacktrace>
              <![CDATA[org.openqa.selenium.SessionNotCreatedException: session not created: This version of ChromeDriver only supports Chrome version 76
Build info: version: '3.141.59', revision: 'e82be7d358', time: '2018-11-14T08:17:03'
System info: host: 'ASEN-L-RAHUL', ip: '192.168.225.48', os.name: 'Windows 10', os.arch: 'amd64', os.version: '10.0', java.version: '1.8.0_144'
Driver info: driver.version: ChromeDriver
remote stacktrace: Backtrace:
	Ordinal0 [0x00B97C93+1473683]
	Ordinal0 [0x00B1ADB1+961969]
	Ordinal0 [0x00AA42E3+475875]
	Ordinal0 [0x00A3F365+62309]
	Ordinal0 [0x00A3BC77+48247]
	Ordinal0 [0x00A59149+168265]
	Ordinal0 [0x00A58D1D+167197]
	Ordinal0 [0x00A5742B+160811]
	Ordinal0 [0x00A40AE6+68326]
	Ordinal0 [0x00A41BF0+72688]
	Ordinal0 [0x00A41B89+72585]
	Ordinal0 [0x00B34B77+1067895]
	GetHandleVerifier [0x00C36875+506677]
	GetHandleVerifier [0x00C36610+506064]
	GetHandleVerifier [0x00C3D1B8+533624]
	GetHandleVerifier [0x00C3704A+508682]
	Ordinal0 [0x00B2C266+1032806]
	Ordinal0 [0x00B2C0DF+1032415]
	Ordinal0 [0x00B36A8B+1075851]
	Ordinal0 [0x00B36BF3+1076211]
	Ordinal0 [0x00B35BA5+1072037]
	BaseThreadInitThunk [0x73F68494+36]
	RtlAreBitsSet [0x773F41C8+136]
	RtlAreBitsSet [0x773F4198+88]

	at sun.reflect.NativeConstructorAccessorImpl.newInstance0(Native Method)
	at sun.reflect.NativeConstructorAccessorImpl.newInstance(Unknown Source)
	at sun.reflect.DelegatingConstructorAccessorImpl.newInstance(Unknown Source)
	at java.lang.reflect.Constructor.newInstance(Unknown Source)
	at org.openqa.selenium.remote.W3CHandshakeResponse.lambda$errorHandler$0(W3CHandshakeResponse.java:62)
	at org.openqa.selenium.remote.HandshakeResponse.lambda$getResponseFunction$0(HandshakeResponse.java:30)
	at org.openqa.selenium.remote.ProtocolHandshake.lambda$createSession$0(ProtocolHandshake.java:126)
	at java.util.stream.ReferencePipeline$3$1.accept(Unknown Source)
	at java.util.Spliterators$ArraySpliterator.tryAdvance(Unknown Source)
	at java.util.stream.ReferencePipeline.forEachWithCancel(Unknown Source)
	at java.util.stream.AbstractPipeline.copyIntoWithCancel(Unknown Source)
	at java.util.stream.AbstractPipeline.copyInto(Unknown Source)
	at java.util.stream.AbstractPipeline.wrapAndCopyInto(Unknown Source)
	at java.util.stream.FindOps$FindOp.evaluateSequential(Unknown Source)
	at java.util.stream.AbstractPipeline.evaluate(Unknown Source)
	at java.util.stream.ReferencePipeline.findFirst(Unknown Source)
	at org.openqa.selenium.remote.ProtocolHandshake.createSession(ProtocolHandshake.java:128)
	at org.openqa.selenium.remote.ProtocolHandshake.createSession(ProtocolHandshake.java:74)
	at org.openqa.selenium.remote.HttpCommandExecutor.execute(HttpCommandExecutor.java:136)
	at org.openqa.selenium.remote.service.DriverCommandExecutor.execute(DriverCommandExecutor.java:83)
	at org.openqa.selenium.remote.RemoteWebDriver.execute(RemoteWebDriver.java:552)
	at org.openqa.selenium.remote.RemoteWebDriver.startSession(RemoteWebDriver.java:213)
	at org.openqa.selenium.remote.RemoteWebDriver.<init>(RemoteWebDriver.java:131)
	at org.openqa.selenium.chrome.ChromeDriver.<init>(ChromeDriver.java:181)
	at org.openqa.selenium.chrome.ChromeDriver.<init>(ChromeDriver.java:168)
	at org.openqa.selenium.chrome.ChromeDriver.<init>(ChromeDriver.java:123)
	at com.wordpress.base.TestBase.initilization(TestBase.java:45)
	at com.wordpress.testcases.LoginTestCase.TestSetup(LoginTestCase.java:29)
	at sun.reflect.NativeMethodAccessorImpl.invoke0(Native Method)
	at sun.reflect.NativeMethodAccessorImpl.invoke(Unknown Source)
	at sun.reflect.DelegatingMethodAccessorImpl.invoke(Unknown Source)
	at java.lang.reflect.Method.invoke(Unknown Source)
	at org.testng.internal.MethodInvocationHelper.invokeMethod(MethodInvocationHelper.java:108)
	at org.testng.internal.Invoker.invokeConfigurationMethod(Invoker.java:523)
	at org.testng.internal.Invoker.invokeConfigurations(Invoker.java:224)
	at org.testng.internal.Invoker.invokeMethod(Invoker.java:599)
	at org.testng.internal.Invoker.invokeTestMethod(Invoker.java:869)
	at org.testng.internal.Invoker.invokeTestMethods(Invoker.java:1193)
	at org.testng.internal.TestMethodWorker.invokeTestMethods(TestMethodWorker.java:126)
	at org.testng.internal.TestMethodWorker.run(TestMethodWorker.java:109)
	at org.testng.TestRunner.privateRun(TestRunner.java:744)
	at org.testng.TestRunner.run(TestRunner.java:602)
	at org.testng.SuiteRunner.runTest(SuiteRunner.java:380)
	at org.testng.SuiteRunner.runSequentially(SuiteRunner.java:375)
	at org.testng.SuiteRunner.privateRun(SuiteRunner.java:340)
	at org.testng.SuiteRunner.run(SuiteRunner.java:289)
	at org.testng.SuiteRunnerWorker.runSuite(SuiteRunnerWorker.java:52)
	at org.testng.SuiteRunnerWorker.run(SuiteRunnerWorker.java:86)
	at org.testng.TestNG.runSuitesSequentially(TestNG.java:1301)
	at org.testng.TestNG.runSuitesLocally(TestNG.java:1226)
	at org.testng.TestNG.runSuites(TestNG.java:1144)
	at org.testng.TestNG.run(TestNG.java:1115)
	at org.testng.remote.AbstractRemoteTestNG.run(AbstractRemoteTestNG.java:114)
	at org.testng.remote.RemoteTestNG.initAndRun(RemoteTestNG.java:251)
	at org.testng.remote.RemoteTestNG.main(RemoteTestNG.java:77)
]]>
            </full-stacktrace>
          </exception> <!-- org.openqa.selenium.SessionNotCreatedException -->
          <reporter-output>
          </reporter-output>
        </test-method> <!-- adminlogin -->
      </class> <!-- com.wordpress.testcases.LoginTestCase -->
    </test> <!-- Default test -->
  </suite> <!-- Default suite -->
</testng-results>
