<html>
<head>
<title>TestNG:  Default test</title>
<link href="../testng.css" rel="stylesheet" type="text/css" />
<link href="../my-testng.css" rel="stylesheet" type="text/css" />

<style type="text/css">
.log { display: none;} 
.stack-trace { display: none;} 
</style>
<script type="text/javascript">
<!--
function flip(e) {
  current = e.style.display;
  if (current == 'block') {
    e.style.display = 'none';
    return 0;
  }
  else {
    e.style.display = 'block';
    return 1;
  }
}

function toggleBox(szDivId, elem, msg1, msg2)
{
  var res = -1;  if (document.getElementById) {
    res = flip(document.getElementById(szDivId));
  }
  else if (document.all) {
    // this is the way old msie versions work
    res = flip(document.all[szDivId]);
  }
  if(elem) {
    if(res == 0) elem.innerHTML = msg1; else elem.innerHTML = msg2;
  }

}

function toggleAllBoxes() {
  if (document.getElementsByTagName) {
    d = document.getElementsByTagName('div');
    for (i = 0; i < d.length; i++) {
      if (d[i].className == 'log') {
        flip(d[i]);
      }
    }
  }
}

// -->
</script>

</head>
<body>
<h2 align='center'>Default test</h2><table border='1' align="center">
<tr>
<td>Tests passed/Failed/Skipped:</td><td>14/1/0</td>
</tr><tr>
<td>Started on:</td><td>Tue Aug 22 18:12:00 IST 2017</td>
</tr>
<tr><td>Total time:</td><td>1172 seconds (1172282 ms)</td>
</tr><tr>
<td>Included groups:</td><td></td>
</tr><tr>
<td>Excluded groups:</td><td></td>
</tr>
</table><p/>
<small><i>(Hover the method name to see the test class name)</i></small><p/>
<table width='100%' border='1' class='invocation-failed'>
<tr><td colspan='4' align='center'><b>FAILED TESTS</b></td></tr>
<tr><td><b>Test method</b></td>
<td width="30%"><b>Exception</b></td>
<td width="10%"><b>Time (seconds)</b></td>
<td><b>Instance</b></td>
</tr>
<tr>
<td title='DoctorUnite.DoctorUniteLogin.ChromeLogin()'><b>ChromeLogin</b><br>Test class: DoctorUnite.DoctorUniteLogin</td>
<td><div><pre>org.openqa.selenium.WebDriverException: unknown error: Element &lt;input type=&quot;submit&quot; class=&quot;btn btnlogin pull-right&quot; id=&quot;loginbutton&quot; name=&quot;yt4&quot; value=&quot;Login&quot;&gt; is not clickable at point (1505, 27). Other element would receive the click: &lt;div class=&quot;preloader&quot; style=&quot;opacity: 0.0434028;&quot;&gt;...&lt;/div&gt;
  (Session info: chrome=60.0.3112.101)
  (Driver info: chromedriver=2.29.461591 (62ebf098771772160f391d75e589dc567915b233),platform=Windows NT 10.0.15063 x86_64) (WARNING: The server did not provide any stacktrace information)
Command duration or timeout: 72 milliseconds
Build info: version: &apos;2.53.0&apos;, revision: &apos;35ae25b&apos;, time: &apos;2016-03-15 16:57:40&apos;
System info: host: &apos;ASEN-D-AD023&apos;, ip: &apos;192.168.12.37&apos;, os.name: &apos;Windows 10&apos;, os.arch: &apos;amd64&apos;, os.version: &apos;10.0&apos;, java.version: &apos;1.8.0_101&apos;
Driver info: org.openqa.selenium.chrome.ChromeDriver
Capabilities [{applicationCacheEnabled=false, rotatable=false, mobileEmulationEnabled=false, networkConnectionEnabled=false, chrome={chromedriverVersion=2.29.461591 (62ebf098771772160f391d75e589dc567915b233), userDataDir=C:\Users\RAHUL~1.PAW\AppData\Local\Temp\scoped_dir10620_31606}, takesHeapSnapshot=true, pageLoadStrategy=normal, databaseEnabled=false, handlesAlerts=true, hasTouchScreen=false, version=60.0.3112.101, platform=XP, browserConnectionEnabled=false, nativeEvents=true, acceptSslCerts=true, locationContextEnabled=true, webStorageEnabled=true, browserName=chrome, takesScreenshot=true, javascriptEnabled=true, cssSelectorsEnabled=true, unexpectedAlertBehaviour=}]
Session ID: 9ae252338edaa080d9840b198bf35b21
	at sun.reflect.NativeConstructorAccessorImpl.newInstance0(Native Method)
	at sun.reflect.NativeConstructorAccessorImpl.newInstance(Unknown Source)
	at sun.reflect.DelegatingConstructorAccessorImpl.newInstance(Unknown Source)
	at java.lang.reflect.Constructor.newInstance(Unknown Source)
	at org.openqa.selenium.remote.ErrorHandler.createThrowable(ErrorHandler.java:206)
	at org.openqa.selenium.remote.ErrorHandler.throwIfResponseFailed(ErrorHandler.java:158)
	at org.openqa.selenium.remote.RemoteWebDriver.execute(RemoteWebDriver.java:678)
	at org.openqa.selenium.remote.RemoteWebElement.execute(RemoteWebElement.java:327)
	at org.openqa.selenium.remote.RemoteWebElement.click(RemoteWebElement.java:85)
	at DoctorUnite.DoctorUniteLogin.ChromeLogin(DoctorUniteLogin.java:55)
	at sun.reflect.NativeMethodAccessorImpl.invoke0(Native Method)
	at sun.reflect.NativeMethodAccessorImpl.invoke(Unknown Source)
	at sun.reflect.DelegatingMethodAccessorImpl.invoke(Unknown Source)
	at java.lang.reflect.Method.invoke(Unknown Source)
	at org.testng.internal.MethodInvocationHelper.invokeMethod(MethodInvocationHelper.java:85)
	at org.testng.internal.Invoker.invokeMethod(Invoker.java:639)
	at org.testng.internal.Invoker.invokeTestMethod(Invoker.java:816)
	at org.testng.internal.Invoker.invokeTestMethods(Invoker.java:1124)
	at org.testng.internal.TestMethodWorker.invokeTestMethods(TestMethodWorker.java:125)
	at org.testng.internal.TestMethodWorker.run(TestMethodWorker.java:108)
	at org.testng.TestRunner.privateRun(TestRunner.java:774)
	at org.testng.TestRunner.run(TestRunner.java:624)
	at org.testng.SuiteRunner.runTest(SuiteRunner.java:359)
	at org.testng.SuiteRunner.runSequentially(SuiteRunner.java:354)
	at org.testng.SuiteRunner.privateRun(SuiteRunner.java:312)
	at org.testng.SuiteRunner.run(SuiteRunner.java:261)
	at org.testng.SuiteRunnerWorker.runSuite(SuiteRunnerWorker.java:52)
	at org.testng.SuiteRunnerWorker.run(SuiteRunnerWorker.java:86)
	at org.testng.TestNG.runSuitesSequentially(TestNG.java:1215)
	at org.testng.TestNG.runSuitesLocally(TestNG.java:1140)
	at org.testng.TestNG.run(TestNG.java:1048)
	at org.testng.remote.AbstractRemoteTestNG.run(AbstractRemoteTestNG.java:132)
	at org.testng.remote.RemoteTestNG.initAndRun(RemoteTestNG.java:236)
	at org.testng.remote.RemoteTestNG.main(RemoteTestNG.java:81)
</pre></div><a href='#' onClick='toggleBox("stack-trace1766869737", this, "Click to show all stack frames", "Click to hide stack frames")'>Click to show all stack frames</a>
<div class='stack-trace' id='stack-trace1766869737'><pre>org.openqa.selenium.WebDriverException: unknown error: Element &lt;input type=&quot;submit&quot; class=&quot;btn btnlogin pull-right&quot; id=&quot;loginbutton&quot; name=&quot;yt4&quot; value=&quot;Login&quot;&gt; is not clickable at point (1505, 27). Other element would receive the click: &lt;div class=&quot;preloader&quot; style=&quot;opacity: 0.0434028;&quot;&gt;...&lt;/div&gt;
  (Session info: chrome=60.0.3112.101)
  (Driver info: chromedriver=2.29.461591 (62ebf098771772160f391d75e589dc567915b233),platform=Windows NT 10.0.15063 x86_64) (WARNING: The server did not provide any stacktrace information)
Command duration or timeout: 72 milliseconds
Build info: version: &apos;2.53.0&apos;, revision: &apos;35ae25b&apos;, time: &apos;2016-03-15 16:57:40&apos;
System info: host: &apos;ASEN-D-AD023&apos;, ip: &apos;192.168.12.37&apos;, os.name: &apos;Windows 10&apos;, os.arch: &apos;amd64&apos;, os.version: &apos;10.0&apos;, java.version: &apos;1.8.0_101&apos;
Driver info: org.openqa.selenium.chrome.ChromeDriver
Capabilities [{applicationCacheEnabled=false, rotatable=false, mobileEmulationEnabled=false, networkConnectionEnabled=false, chrome={chromedriverVersion=2.29.461591 (62ebf098771772160f391d75e589dc567915b233), userDataDir=C:\Users\RAHUL~1.PAW\AppData\Local\Temp\scoped_dir10620_31606}, takesHeapSnapshot=true, pageLoadStrategy=normal, databaseEnabled=false, handlesAlerts=true, hasTouchScreen=false, version=60.0.3112.101, platform=XP, browserConnectionEnabled=false, nativeEvents=true, acceptSslCerts=true, locationContextEnabled=true, webStorageEnabled=true, browserName=chrome, takesScreenshot=true, javascriptEnabled=true, cssSelectorsEnabled=true, unexpectedAlertBehaviour=}]
Session ID: 9ae252338edaa080d9840b198bf35b21
	at sun.reflect.NativeConstructorAccessorImpl.newInstance0(Native Method)
	at sun.reflect.NativeConstructorAccessorImpl.newInstance(Unknown Source)
	at sun.reflect.DelegatingConstructorAccessorImpl.newInstance(Unknown Source)
	at java.lang.reflect.Constructor.newInstance(Unknown Source)
	at org.openqa.selenium.remote.ErrorHandler.createThrowable(ErrorHandler.java:206)
	at org.openqa.selenium.remote.ErrorHandler.throwIfResponseFailed(ErrorHandler.java:158)
	at org.openqa.selenium.remote.RemoteWebDriver.execute(RemoteWebDriver.java:678)
	at org.openqa.selenium.remote.RemoteWebElement.execute(RemoteWebElement.java:327)
	at org.openqa.selenium.remote.RemoteWebElement.click(RemoteWebElement.java:85)
	at DoctorUnite.DoctorUniteLogin.ChromeLogin(DoctorUniteLogin.java:55)
	at sun.reflect.NativeMethodAccessorImpl.invoke0(Native Method)
	at sun.reflect.NativeMethodAccessorImpl.invoke(Unknown Source)
	at sun.reflect.DelegatingMethodAccessorImpl.invoke(Unknown Source)
	at java.lang.reflect.Method.invoke(Unknown Source)
	at org.testng.internal.MethodInvocationHelper.invokeMethod(MethodInvocationHelper.java:85)
	at org.testng.internal.Invoker.invokeMethod(Invoker.java:639)
	at org.testng.internal.Invoker.invokeTestMethod(Invoker.java:816)
	at org.testng.internal.Invoker.invokeTestMethods(Invoker.java:1124)
	at org.testng.internal.TestMethodWorker.invokeTestMethods(TestMethodWorker.java:125)
	at org.testng.internal.TestMethodWorker.run(TestMethodWorker.java:108)
	at org.testng.TestRunner.privateRun(TestRunner.java:774)
	at org.testng.TestRunner.run(TestRunner.java:624)
	at org.testng.SuiteRunner.runTest(SuiteRunner.java:359)
	at org.testng.SuiteRunner.runSequentially(SuiteRunner.java:354)
	at org.testng.SuiteRunner.privateRun(SuiteRunner.java:312)
	at org.testng.SuiteRunner.run(SuiteRunner.java:261)
	at org.testng.SuiteRunnerWorker.runSuite(SuiteRunnerWorker.java:52)
	at org.testng.SuiteRunnerWorker.run(SuiteRunnerWorker.java:86)
	at org.testng.TestNG.runSuitesSequentially(TestNG.java:1215)
	at org.testng.TestNG.runSuitesLocally(TestNG.java:1140)
	at org.testng.TestNG.run(TestNG.java:1048)
	at org.testng.remote.AbstractRemoteTestNG.run(AbstractRemoteTestNG.java:132)
	at org.testng.remote.RemoteTestNG.initAndRun(RemoteTestNG.java:236)
	at org.testng.remote.RemoteTestNG.main(RemoteTestNG.java:81)
</pre></div></td>
<td>11</td>
<td>DoctorUnite.DoctorUniteLogin@29ee9faa</td></tr>
</table><p>
<table width='100%' border='1' class='invocation-passed'>
<tr><td colspan='4' align='center'><b>PASSED TESTS</b></td></tr>
<tr><td><b>Test method</b></td>
<td width="30%"><b>Exception</b></td>
<td width="10%"><b>Time (seconds)</b></td>
<td><b>Instance</b></td>
</tr>
<tr>
<td title='DoctorUnite.SharePost.ChromeLogin()'><b>ChromeLogin</b><br>Test class: DoctorUnite.SharePost</td>
<td></td>
<td>62</td>
<td>DoctorUnite.SharePost@4678c730</td></tr>
<tr>
<td title='DoctorUnite.FollowPost.ChromeLogin()'><b>ChromeLogin</b><br>Test class: DoctorUnite.FollowPost</td>
<td></td>
<td>47</td>
<td>DoctorUnite.FollowPost@6767c1fc</td></tr>
<tr>
<td title='DoctorUnite.LikePost.ChromeLogin()'><b>ChromeLogin</b><br>Test class: DoctorUnite.LikePost</td>
<td></td>
<td>35</td>
<td>DoctorUnite.LikePost@c038203</td></tr>
<tr>
<td title='DoctorUnite.OpenNewsArticle.ChromeOpenNewsPost()'><b>ChromeOpenNewsPost</b><br>Test class: DoctorUnite.OpenNewsArticle</td>
<td></td>
<td>43</td>
<td>DoctorUnite.OpenNewsArticle@cc285f4</td></tr>
<tr>
<td title='DoctorUnite.DoctorUniteLogin.FirefoxLogin()'><b>FirefoxLogin</b><br>Test class: DoctorUnite.DoctorUniteLogin</td>
<td></td>
<td>25</td>
<td>DoctorUnite.DoctorUniteLogin@29ee9faa</td></tr>
<tr>
<td title='DoctorUnite.OpenNewsArticle.FirefoxOpenNewsPost()'><b>FirefoxOpenNewsPost</b><br>Test class: DoctorUnite.OpenNewsArticle</td>
<td></td>
<td>52</td>
<td>DoctorUnite.OpenNewsArticle@cc285f4</td></tr>
<tr>
<td title='DoctorUnite.SharePost.Firefoxfollow()'><b>Firefoxfollow</b><br>Test class: DoctorUnite.SharePost</td>
<td></td>
<td>46</td>
<td>DoctorUnite.SharePost@4678c730</td></tr>
<tr>
<td title='DoctorUnite.FollowPost.Firefoxfollow()'><b>Firefoxfollow</b><br>Test class: DoctorUnite.FollowPost</td>
<td></td>
<td>40</td>
<td>DoctorUnite.FollowPost@6767c1fc</td></tr>
<tr>
<td title='DoctorUnite.LikePost.Firefoxfollow()'><b>Firefoxfollow</b><br>Test class: DoctorUnite.LikePost</td>
<td></td>
<td>48</td>
<td>DoctorUnite.LikePost@c038203</td></tr>
<tr>
<td title='DoctorUnite.DoctorUniteLogin.IEHomePageEventLink()'><b>IEHomePageEventLink</b><br>Test class: DoctorUnite.DoctorUniteLogin</td>
<td></td>
<td>135</td>
<td>DoctorUnite.DoctorUniteLogin@29ee9faa</td></tr>
<tr>
<td title='DoctorUnite.OpenNewsArticle.IEOpenNewsPost()'><b>IEOpenNewsPost</b><br>Test class: DoctorUnite.OpenNewsArticle</td>
<td></td>
<td>157</td>
<td>DoctorUnite.OpenNewsArticle@cc285f4</td></tr>
<tr>
<td title='DoctorUnite.SharePost.IEfollow()'><b>IEfollow</b><br>Test class: DoctorUnite.SharePost</td>
<td></td>
<td>150</td>
<td>DoctorUnite.SharePost@4678c730</td></tr>
<tr>
<td title='DoctorUnite.FollowPost.IEfollow()'><b>IEfollow</b><br>Test class: DoctorUnite.FollowPost</td>
<td></td>
<td>138</td>
<td>DoctorUnite.FollowPost@6767c1fc</td></tr>
<tr>
<td title='DoctorUnite.LikePost.IEfollow()'><b>IEfollow</b><br>Test class: DoctorUnite.LikePost</td>
<td></td>
<td>141</td>
<td>DoctorUnite.LikePost@c038203</td></tr>
</table><p>
</body>
</html>